<?xml version="1.0" encoding="UTF-8"?>
<testsuite name="co.sanangel.com.runners.TestRunner" tests="1" skipped="0" failures="1" errors="0" timestamp="2023-10-05T15:43:43" hostname="LAPTOP-K0NSPKG3" time="0.962">
  <properties/>
  <testcase name="Agregar productos al carrito de forma exitosa" classname="co.sanangel.com.runners.TestRunner" time="0.962">
    <failure message="io.cucumber.junit.UndefinedStepException: The step 'que el usuario abra la url en el navegador' and 3 other step(s) are undefined.&#10;You can implement these steps using the snippet(s) below:&#10;&#10;@Dado(&quot;que el usuario abra la url en el navegador&quot;)&#10;public void queElUsuarioAbraLaUrlEnElNavegador() {&#10;    // Write code here that turns the phrase above into concrete actions&#10;    throw new io.cucumber.java.PendingException();&#10;}&#10;@Cuando(&quot;el usuario seleccione una categoria&quot;)&#10;public void elUsuarioSeleccioneUnaCategoria() {&#10;    // Write code here that turns the phrase above into concrete actions&#10;    throw new io.cucumber.java.PendingException();&#10;}&#10;@Cuando(&quot;el usuario seleccione un producto sus cantidades y lo agregue al carrito&quot;)&#10;public void elUsuarioSeleccioneUnProductoSusCantidadesYLoAgregueAlCarrito() {&#10;    // Write code here that turns the phrase above into concrete actions&#10;    throw new io.cucumber.java.PendingException();&#10;}&#10;@Entonces(&quot;podra ver boton para realizar el pedido&quot;)&#10;public void podraVerBotonParaRealizarElPedido() {&#10;    // Write code here that turns the phrase above into concrete actions&#10;    throw new io.cucumber.java.PendingException();&#10;}&#10;" type="io.cucumber.junit.UndefinedStepException">io.cucumber.junit.UndefinedStepException: The step 'que el usuario abra la url en el navegador' and 3 other step(s) are undefined.
You can implement these steps using the snippet(s) below:

@Dado(&quot;que el usuario abra la url en el navegador&quot;)
public void queElUsuarioAbraLaUrlEnElNavegador() {
    // Write code here that turns the phrase above into concrete actions
    throw new io.cucumber.java.PendingException();
}
@Cuando(&quot;el usuario seleccione una categoria&quot;)
public void elUsuarioSeleccioneUnaCategoria() {
    // Write code here that turns the phrase above into concrete actions
    throw new io.cucumber.java.PendingException();
}
@Cuando(&quot;el usuario seleccione un producto sus cantidades y lo agregue al carrito&quot;)
public void elUsuarioSeleccioneUnProductoSusCantidadesYLoAgregueAlCarrito() {
    // Write code here that turns the phrase above into concrete actions
    throw new io.cucumber.java.PendingException();
}
@Entonces(&quot;podra ver boton para realizar el pedido&quot;)
public void podraVerBotonParaRealizarElPedido() {
    // Write code here that turns the phrase above into concrete actions
    throw new io.cucumber.java.PendingException();
}

</failure>
  </testcase>
  <system-out><![CDATA[
Escenario: Agregar productos al carrito de forma exitosa                     ?[90m# src/test/resources/features/Test.feature:4?[0m
  ?[33mDado ?[0m?[33mque el usuario abra la url en el navegador?[0m
  ?[36mCuando ?[0m?[36mel usuario seleccione una categoria?[0m
  ?[36mY ?[0m?[36mel usuario seleccione un producto sus cantidades y lo agregue al carrito?[0m
  ?[36mEntonces ?[0m?[36mpodra ver boton para realizar el pedido?[0m
]]></system-out>
  <system-err><![CDATA[[Test worker] INFO io.cucumber.core.plugin.SerenityReporter - Running feature from file:///D:/Dev%20Tools/IdeaProjects/Template_Automatizacion_SQA/src/test/resources/features/Test.feature
[Test worker] INFO  - 

-------------------------------------------------------------------------------------
     _______. _______ .______       _______ .__   __.  __  .___________.____    ____ 
    /       ||   ____||   _  \     |   ____||  \ |  | |  | |           |\   \  /   / 
   |   (----`|  |__   |  |_)  |    |  |__   |   \|  | |  | `---|  |----` \   \/   /  
    \   \    |   __|  |      /     |   __|  |  . `  | |  |     |  |       \_    _/   
.----)   |   |  |____ |  |\  \----.|  |____ |  |\   | |  |     |  |         |  |     
|_______/    |_______|| _| `._____||_______||__| \__| |__|     |__|         |__|    
                                                                                     
 News and tutorials at http://www.serenity-bdd.info                                  
 Documentation at https://wakaleo.gitbooks.io/the-serenity-book/content/             
 Join the Serenity Community on Gitter: https://gitter.im/serenity-bdd/serenity-core 
 Serenity BDD Support and Training at http://serenity-bdd.info/#/trainingandsupport  
-------------------------------------------------------------------------------------

[Test worker] INFO  - Test Suite Started: Agregar productos al carrito
[Test worker] INFO io.cucumber.core.plugin.SerenityReporter - Running feature from file:///D:/Dev%20Tools/IdeaProjects/Template_Automatizacion_SQA/src/test/resources/features/Test.feature
[Test worker] INFO  - Test Suite Started: Agregar productos al carrito
[Test worker] INFO io.cucumber.core.plugin.SerenityReporter - Running feature from file:///D:/Dev%20Tools/IdeaProjects/Template_Automatizacion_SQA/src/test/resources/features/Test.feature
[Test worker] INFO  - 
  _____   ___   ___   _____     ___   _____     _     ___   _____   ___   ___  
 |_   _| | __| / __| |_   _|   / __| |_   _|   /_\   | _ \ |_   _| | __| |   \ 
   | |   | _|  \__ \   | |     \__ \   | |    / _ \  |   /   | |   | _|  | |) |
   |_|   |___| |___/   |_|     |___/   |_|   /_/ \_\ |_|_\   |_|   |___| |___/ 

Agregar productos al carrito de forma exitosa(agregar-productos-al-carrito;agregar-productos-al-carrito-de-forma-exitosa)
--------------------------------------------------------------------------------
[Test worker] INFO  - 
  _____   ___   ___   _____     ___   ___   _  _   ___    ___   _  _    ___ 
 |_   _| | __| / __| |_   _|   | _ \ | __| | \| | |   \  |_ _| | \| |  / __|
   | |   | _|  \__ \   | |     |  _/ | _|  | .` | | |) |  | |  | .` | | (_ |
   |_|   |___| |___/   |_|     |_|   |___| |_|\_| |___/  |___| |_|\_|  \___|

Agregar productos al carrito de forma exitosa
-----------------------------------------------------------------------------
]]></system-err>
</testsuite>
