<?xml version="1.0" encoding="UTF-8"?>
<testsuite name="co.sanangel.com.runners.TestRunner" tests="1" skipped="0" failures="0" errors="0" timestamp="2023-10-07T02:38:43" hostname="LAPTOP-K0NSPKG3" time="35.596">
  <properties/>
  <testcase name="Agregar productos al carrito de forma exitosa" classname="co.sanangel.com.runners.TestRunner" time="35.596"/>
  <system-out><![CDATA[
Escenario: Agregar productos al carrito de forma exitosa                     ?[90m# src/test/resources/features/Test.feature:4?[0m
  ?[32mDado ?[0m?[32mque el usuario abra la url en el navegador?[0m                            ?[90m# co.sanangel.com.StepDef.TestStepDefinition.abrirUrl()?[0m
  ?[32mCuando ?[0m?[32mel usuario seleccione una categoria?[0m                                 ?[90m# co.sanangel.com.StepDef.TestStepDefinition.elegirCategoria()?[0m
  ?[32mY ?[0m?[32mel usuario seleccione un producto sus cantidades y lo agregue al carrito?[0m ?[90m# co.sanangel.com.StepDef.TestStepDefinition.elegirProducto()?[0m
  ?[32mEntonces ?[0m?[32mpodra ver boton para realizar el pedido?[0m                           ?[90m# co.sanangel.com.StepDef.TestStepDefinition.verPedido()?[0m
]]></system-out>
  <system-err><![CDATA[[Test worker] INFO io.cucumber.core.plugin.SerenityReporter - Running feature from file:///D:/Dev%20Tools/IdeaProjects/Template_Automatizacion_SQA/src/test/resources/features/Test.feature
[Test worker] INFO  - 

-------------------------------------------------------------------------------------
     _______. _______ .______       _______ .__   __.  __  .___________.____    ____ 
    /       ||   ____||   _  \     |   ____||  \ |  | |  | |           |\   \  /   / 
   |   (----`|  |__   |  |_)  |    |  |__   |   \|  | |  | `---|  |----` \   \/   /  
    \   \    |   __|  |      /     |   __|  |  . `  | |  |     |  |       \_    _/   
.----)   |   |  |____ |  |\  \----.|  |____ |  |\   | |  |     |  |         |  |     
|_______/    |_______|| _| `._____||_______||__| \__| |__|     |__|         |__|    
                                                                                     
 News and tutorials at http://www.serenity-bdd.info                                  
 Documentation at https://wakaleo.gitbooks.io/the-serenity-book/content/             
 Join the Serenity Community on Gitter: https://gitter.im/serenity-bdd/serenity-core 
 Serenity BDD Support and Training at http://serenity-bdd.info/#/trainingandsupport  
-------------------------------------------------------------------------------------

[Test worker] INFO  - Test Suite Started: Agregar productos al carrito
[Test worker] INFO io.cucumber.core.plugin.SerenityReporter - Running feature from file:///D:/Dev%20Tools/IdeaProjects/Template_Automatizacion_SQA/src/test/resources/features/Test.feature
[Test worker] INFO  - Test Suite Started: Agregar productos al carrito
[Test worker] INFO io.cucumber.core.plugin.SerenityReporter - Running feature from file:///D:/Dev%20Tools/IdeaProjects/Template_Automatizacion_SQA/src/test/resources/features/Test.feature
[Test worker] INFO  - 
  _____   ___   ___   _____     ___   _____     _     ___   _____   ___   ___  
 |_   _| | __| / __| |_   _|   / __| |_   _|   /_\   | _ \ |_   _| | __| |   \ 
   | |   | _|  \__ \   | |     \__ \   | |    / _ \  |   /   | |   | _|  | |) |
   |_|   |___| |___/   |_|     |___/   |_|   /_/ \_\ |_|_\   |_|   |___| |___/ 

Agregar productos al carrito de forma exitosa(agregar-productos-al-carrito;agregar-productos-al-carrito-de-forma-exitosa)
--------------------------------------------------------------------------------
[Test worker] INFO net.serenitybdd.core.webdriver.driverproviders.ChromeDriverProvider - Using automatically driver download
[Test worker] ERROR io.github.bonigarcia.wdm.online.HttpClient - Error HTTP 404 executing https://chromedriver.storage.googleapis.com/LATEST_RELEASE_117
[Test worker] WARN io.github.bonigarcia.wdm.versions.VersionDetector - Exception reading https://chromedriver.storage.googleapis.com/LATEST_RELEASE_117 to get latest version of chromedriver (Error HTTP 404 executing https://chromedriver.storage.googleapis.com/LATEST_RELEASE_117)
[Test worker] INFO io.github.bonigarcia.wdm.WebDriverManager - Exporting webdriver.chrome.driver as C:\Users\dante\.cache\selenium\chromedriver\win32\114.0.5735.90\chromedriver.exe
Starting ChromeDriver 117.0.5938.92 (67649b10b92bb182fba357831ef7dd6a1baa5648-refs/branch-heads/5938_62@{#14}) on port 61773
Only local connections are allowed.
Please see https://chromedriver.chromium.org/security-considerations for suggestions on keeping ChromeDriver safe.
ChromeDriver was started successfully.
oct. 06, 2023 9:39:01 P. M. org.openqa.selenium.remote.ProtocolHandshake createSession
INFO: Detected dialect: W3C
oct. 06, 2023 9:39:01 P. M. org.openqa.selenium.devtools.CdpVersionFinder findNearestMatch
WARNING: Unable to find an exact match for CDP version 117, so returning the closest version found: a no-op implementation
oct. 06, 2023 9:39:01 P. M. org.openqa.selenium.devtools.CdpVersionFinder findNearestMatch
INFO: Unable to find CDP implementation matching 117.
oct. 06, 2023 9:39:01 P. M. org.openqa.selenium.chromium.ChromiumDriver lambda$new$3
WARNING: Unable to find version of CDP to use for . You may need to include a dependency on a specific version of the CDP using something similar to `org.seleniumhq.selenium:selenium-devtools-v86:4.1.2` where the version ("v86") matches the version of the chromium-based browser you're using and the version number of the artifact is the same as Selenium's.
[Test worker] INFO  - 
  _____   ___   ___   _____     ___     _     ___   ___   ___   ___  
 |_   _| | __| / __| |_   _|   | _ \   /_\   / __| / __| | __| |   \ 
   | |   | _|  \__ \   | |     |  _/  / _ \  \__ \ \__ \ | _|  | |) |
   |_|   |___| |___/   |_|     |_|   /_/ \_\ |___/ |___/ |___| |___/ 

Agregar productos al carrito de forma exitosa
----------------------------------------------------------------------
]]></system-err>
</testsuite>
